[34mINFO[0m[0000] App start                                    
[34mINFO[0m[0000] Static folder : public                       
[34mINFO[0m[0000] App start                                    
[34mINFO[0m[0000] Static folder : public                       
time="2016-03-09T15:16:52+07:00" level=info msg="App start" 
time="2016-03-09T15:16:52+07:00" level=info msg="Static folder : public" 
time="2016-03-09T15:17:53+07:00" level=info msg="App start" 
time="2016-03-09T15:17:53+07:00" level=info msg="Static folder : public" 
time="2016-03-09T15:30:43+07:00" level=info msg="App start" 
time="2016-03-09T15:30:43+07:00" level=debug msg="Static folder : public" 
time="2016-03-09T15:30:58+07:00" level=debug msg="Request admin controller" 
time="2016-03-09T15:31:00+07:00" level=debug msg="Request admin controller" 
time="2016-03-09T15:31:00+07:00" level=debug msg="Request admin controller" 
time="2016-03-09T15:31:00+07:00" level=debug msg="Request admin controller" 
time="2016-03-09T15:31:00+07:00" level=debug msg="Request admin controller" 
time="2016-03-09T15:31:00+07:00" level=debug msg="Request admin controller" 
time="2016-03-09T15:31:01+07:00" level=debug msg="Request admin controller" 
time="2016-03-09T15:31:01+07:00" level=debug msg="Request admin controller" 
time="2016-03-09T15:31:01+07:00" level=debug msg="Request admin controller" 
time="2016-03-09T15:31:01+07:00" level=debug msg="Request admin controller" 
time="2016-03-09T15:31:01+07:00" level=debug msg="Request admin controller" 
time="2016-03-09T15:31:02+07:00" level=debug msg="Request admin controller" 
time="2016-03-09T15:31:09+07:00" level=debug msg="Request admin controller" 
time="2016-03-09T15:31:10+07:00" level=debug msg="Request admin controller" 
time="2016-03-09T15:31:10+07:00" level=debug msg="Request admin controller" 
time="2016-03-09T15:31:10+07:00" level=debug msg="Request admin controller" 
time="2016-03-09T15:31:36+07:00" level=info msg="App start" 
time="2016-03-09T15:31:36+07:00" level=debug msg="Static folder : public" 
time="2016-03-09T15:32:54+07:00" level=info msg="App start" 
time="2016-03-09T15:32:54+07:00" level=debug msg="Static folder : public" 
time="2016-03-09T15:33:01+07:00" level=debug msg="Request admin controller" 
time="2016-03-09T16:28:13+07:00" level=info msg="App start" 
time="2016-03-09T16:28:13+07:00" level=debug msg="Static folder : public" 
time="2016-03-09T16:29:58+07:00" level=info msg="App start" 
time="2016-03-09T16:29:58+07:00" level=debug msg="Static folder : public" 
time="2016-03-09T16:30:49+07:00" level=info msg="App start" 
time="2016-03-09T16:30:49+07:00" level=debug msg="Static folder : public" 
time="2016-03-09T16:36:28+07:00" level=info msg="App start" 
time="2016-03-09T16:36:28+07:00" level=debug msg="Static folder : public" 
time="2016-03-09T16:37:06+07:00" level=info msg="App start" 
time="2016-03-09T16:37:06+07:00" level=debug msg="Static folder : public" 
time="2016-03-09T16:37:42+07:00" level=info msg="App start" 
time="2016-03-09T16:37:42+07:00" level=debug msg="Static folder : public" 
time="2016-03-09T16:37:49+07:00" level=debug msg="Request admin controller" 
time="2016-03-09T16:39:38+07:00" level=debug msg="Request admin controller" 
time="2016-03-09T16:39:39+07:00" level=debug msg="Request admin controller" 
time="2016-03-09T16:39:40+07:00" level=debug msg="Request admin controller" 
time="2016-03-09T16:42:52+07:00" level=info msg="App start" 
time="2016-03-09T16:42:52+07:00" level=debug msg="Static folder : public" 
time="2016-03-09T16:43:35+07:00" level=info msg="App start" 
time="2016-03-09T16:43:35+07:00" level=debug msg="Static folder : public" 
time="2016-03-09T16:43:56+07:00" level=debug msg="Request admin controller" 
time="2016-03-09T16:43:59+07:00" level=debug msg="Request admin controller" 
time="2016-03-09T16:43:59+07:00" level=debug msg="Request admin controller" 
time="2016-03-09T16:43:59+07:00" level=debug msg="Request admin controller" 
time="2016-03-09T16:43:59+07:00" level=debug msg="Request admin controller" 
time="2016-03-09T16:44:00+07:00" level=debug msg="Request admin controller" 
time="2016-03-09T16:44:00+07:00" level=debug msg="Request admin controller" 
time="2016-03-09T16:44:00+07:00" level=debug msg="Request admin controller" 
time="2016-03-09T16:44:38+07:00" level=info msg="App start" 
time="2016-03-09T16:44:38+07:00" level=debug msg="Static folder : public" 
time="2016-03-09T16:45:00+07:00" level=info msg="App start" 
time="2016-03-09T16:45:00+07:00" level=debug msg="Static folder : public" 
time="2016-03-09T16:46:34+07:00" level=info msg="App start" 
time="2016-03-09T16:46:34+07:00" level=debug msg="Static folder : public" 
time="2016-03-09T16:47:09+07:00" level=info msg="App start" 
time="2016-03-09T16:47:09+07:00" level=debug msg="Static folder : public" 
time="2016-03-09T16:47:51+07:00" level=info msg="App start" 
time="2016-03-09T16:47:51+07:00" level=debug msg="Static folder : public" 
time="2016-03-09T16:48:42+07:00" level=info msg="App start" 
time="2016-03-09T16:48:42+07:00" level=debug msg="Static folder : public" 
time="2016-03-09T16:55:04+07:00" level=info msg="App start" 
time="2016-03-09T16:55:04+07:00" level=debug msg="Static folder : public" 
time="2016-03-09T16:56:10+07:00" level=info msg="App start" 
time="2016-03-09T16:56:10+07:00" level=debug msg="Static folder : public" 
